-- Attaching packages --------------------------------------- tidyverse 1.3.0 --
v ggplot2 3.3.2     v purrr   0.3.4
v tibble  3.0.4     v dplyr   1.0.2
v tidyr   1.1.2     v stringr 1.4.0
v readr   1.4.0     v forcats 0.5.0
-- Conflicts ------------------------------------------ tidyverse_conflicts() --
x dplyr::filter() masks stats::filter()
x dplyr::lag()    masks stats::lag()
-- Attaching packages --------------------------------------- tidyverse 1.3.0 --
v ggplot2 3.3.2     v purrr   0.3.4
v tibble  3.0.4     v dplyr   1.0.2
v tidyr   1.1.2     v stringr 1.4.0
v readr   1.4.0     v forcats 0.5.0
-- Conflicts ------------------------------------------ tidyverse_conflicts() --
x dplyr::filter() masks stats::filter()
x dplyr::lag()    masks stats::lag()
-- Attaching packages --------------------------------------- tidyverse 1.3.0 --
v ggplot2 3.3.2     v purrr   0.3.4
v tibble  3.0.4     v dplyr   1.0.2
v tidyr   1.1.2     v stringr 1.4.0
v readr   1.4.0     v forcats 0.5.0
-- Conflicts ------------------------------------------ tidyverse_conflicts() --
x dplyr::filter() masks stats::filter()
x dplyr::lag()    masks stats::lag()
-- Attaching packages --------------------------------------- tidyverse 1.3.0 --
v ggplot2 3.3.2     v purrr   0.3.4
v tibble  3.0.4     v dplyr   1.0.2
v tidyr   1.1.2     v stringr 1.4.0
v readr   1.4.0     v forcats 0.5.0
-- Conflicts ------------------------------------------ tidyverse_conflicts() --
x dplyr::filter() masks stats::filter()
x dplyr::lag()    masks stats::lag()
-- Attaching packages --------------------------------------- tidyverse 1.3.1 --
v ggplot2 3.3.5     v purrr   0.3.4
v tibble  3.1.6     v dplyr   1.0.7
v tidyr   1.1.4     v stringr 1.4.0
v readr   2.1.1     v forcats 0.5.1
-- Conflicts ------------------------------------------ tidyverse_conflicts() --
x dplyr::filter() masks stats::filter()
x dplyr::lag()    masks stats::lag()
Warning messages:
1: package 'tidyverse' was built under R version 4.0.5 
2: package 'ggplot2' was built under R version 4.0.5 
3: package 'tibble' was built under R version 4.0.5 
4: package 'tidyr' was built under R version 4.0.5 
5: package 'readr' was built under R version 4.0.5 
6: package 'purrr' was built under R version 4.0.5 
7: package 'dplyr' was built under R version 4.0.5 
8: package 'stringr' was built under R version 4.0.5 
9: package 'forcats' was built under R version 4.0.5 
Warning message:
package 'fs' was built under R version 4.0.5 
-- Attaching packages --------------------------------------- tidyverse 1.3.1 --
v ggplot2 3.3.5     v purrr   0.3.4
v tibble  3.1.6     v dplyr   1.0.7
v tidyr   1.1.4     v stringr 1.4.0
v readr   2.1.1     v forcats 0.5.1
-- Conflicts ------------------------------------------ tidyverse_conflicts() --
x dplyr::filter() masks stats::filter()
x dplyr::lag()    masks stats::lag()
Warning messages:
1: package 'tidyverse' was built under R version 4.0.5 
2: package 'ggplot2' was built under R version 4.0.5 
3: package 'tibble' was built under R version 4.0.5 
4: package 'tidyr' was built under R version 4.0.5 
5: package 'readr' was built under R version 4.0.5 
6: package 'purrr' was built under R version 4.0.5 
7: package 'dplyr' was built under R version 4.0.5 
8: package 'stringr' was built under R version 4.0.5 
9: package 'forcats' was built under R version 4.0.5 
Warning message:
package 'fs' was built under R version 4.0.5 
-- Attaching packages --------------------------------------- tidyverse 1.3.1 --
v ggplot2 3.3.5     v purrr   0.3.4
v tibble  3.1.6     v dplyr   1.0.7
v tidyr   1.1.4     v stringr 1.4.0
v readr   2.1.1     v forcats 0.5.1
-- Conflicts ------------------------------------------ tidyverse_conflicts() --
x dplyr::filter() masks stats::filter()
x dplyr::lag()    masks stats::lag()
Warning messages:
1: package 'tidyverse' was built under R version 4.0.5 
2: package 'ggplot2' was built under R version 4.0.5 
3: package 'tibble' was built under R version 4.0.5 
4: package 'tidyr' was built under R version 4.0.5 
5: package 'readr' was built under R version 4.0.5 
6: package 'purrr' was built under R version 4.0.5 
7: package 'dplyr' was built under R version 4.0.5 
8: package 'stringr' was built under R version 4.0.5 
9: package 'forcats' was built under R version 4.0.5 
Warning message:
package 'fs' was built under R version 4.0.5 
-- Attaching packages --------------------------------------- tidyverse 1.3.1 --
v ggplot2 3.3.5     v purrr   0.3.4
v tibble  3.1.6     v dplyr   1.0.7
v tidyr   1.1.4     v stringr 1.4.0
v readr   2.1.1     v forcats 0.5.1
-- Conflicts ------------------------------------------ tidyverse_conflicts() --
x dplyr::filter() masks stats::filter()
x dplyr::lag()    masks stats::lag()
Warning messages:
1: package 'tidyverse' was built under R version 4.0.5 
2: package 'ggplot2' was built under R version 4.0.5 
3: package 'tibble' was built under R version 4.0.5 
4: package 'tidyr' was built under R version 4.0.5 
5: package 'readr' was built under R version 4.0.5 
6: package 'purrr' was built under R version 4.0.5 
7: package 'dplyr' was built under R version 4.0.5 
8: package 'stringr' was built under R version 4.0.5 
9: package 'forcats' was built under R version 4.0.5 
Warning message:
package 'fs' was built under R version 4.0.5 
-- Attaching packages --------------------------------------- tidyverse 1.3.1 --
v ggplot2 3.3.5     v purrr   0.3.4
v tibble  3.1.6     v dplyr   1.0.7
v tidyr   1.1.4     v stringr 1.4.0
v readr   2.1.1     v forcats 0.5.1
-- Conflicts ------------------------------------------ tidyverse_conflicts() --
x dplyr::filter() masks stats::filter()
x dplyr::lag()    masks stats::lag()
Warning messages:
1: package 'tidyverse' was built under R version 4.0.5 
2: package 'ggplot2' was built under R version 4.0.5 
3: package 'tibble' was built under R version 4.0.5 
4: package 'tidyr' was built under R version 4.0.5 
5: package 'readr' was built under R version 4.0.5 
6: package 'purrr' was built under R version 4.0.5 
7: package 'dplyr' was built under R version 4.0.5 
8: package 'stringr' was built under R version 4.0.5 
9: package 'forcats' was built under R version 4.0.5 
Warning message:
package 'fs' was built under R version 4.0.5 
-- Attaching packages --------------------------------------- tidyverse 1.3.1 --
v ggplot2 3.3.5     v purrr   0.3.4
v tibble  3.1.6     v dplyr   1.0.7
v tidyr   1.1.4     v stringr 1.4.0
v readr   2.1.1     v forcats 0.5.1
-- Conflicts ------------------------------------------ tidyverse_conflicts() --
x dplyr::filter() masks stats::filter()
x dplyr::lag()    masks stats::lag()
Warning messages:
1: package 'tidyverse' was built under R version 4.0.5 
2: package 'ggplot2' was built under R version 4.0.5 
3: package 'tibble' was built under R version 4.0.5 
4: package 'tidyr' was built under R version 4.0.5 
5: package 'readr' was built under R version 4.0.5 
6: package 'purrr' was built under R version 4.0.5 
7: package 'dplyr' was built under R version 4.0.5 
8: package 'stringr' was built under R version 4.0.5 
9: package 'forcats' was built under R version 4.0.5 
Warning message:
package 'fs' was built under R version 4.0.5 
-- Attaching packages --------------------------------------- tidyverse 1.3.1 --
v ggplot2 3.3.5     v purrr   0.3.4
v tibble  3.1.6     v dplyr   1.0.7
v tidyr   1.1.4     v stringr 1.4.0
v readr   2.1.1     v forcats 0.5.1
-- Conflicts ------------------------------------------ tidyverse_conflicts() --
x dplyr::filter() masks stats::filter()
x dplyr::lag()    masks stats::lag()
Warning messages:
1: package 'tidyverse' was built under R version 4.0.5 
2: package 'ggplot2' was built under R version 4.0.5 
3: package 'tibble' was built under R version 4.0.5 
4: package 'tidyr' was built under R version 4.0.5 
5: package 'readr' was built under R version 4.0.5 
6: package 'purrr' was built under R version 4.0.5 
7: package 'dplyr' was built under R version 4.0.5 
8: package 'stringr' was built under R version 4.0.5 
9: package 'forcats' was built under R version 4.0.5 
Warning message:
package 'fs' was built under R version 4.0.5 
-- Attaching packages --------------------------------------- tidyverse 1.3.1 --
v ggplot2 3.3.5     v purrr   0.3.4
v tibble  3.1.6     v dplyr   1.0.7
v tidyr   1.1.4     v stringr 1.4.0
v readr   2.1.1     v forcats 0.5.1
-- Conflicts ------------------------------------------ tidyverse_conflicts() --
x dplyr::filter() masks stats::filter()
x dplyr::lag()    masks stats::lag()
Warning messages:
1: package 'tidyverse' was built under R version 4.0.5 
2: package 'ggplot2' was built under R version 4.0.5 
3: package 'tibble' was built under R version 4.0.5 
4: package 'tidyr' was built under R version 4.0.5 
5: package 'readr' was built under R version 4.0.5 
6: package 'purrr' was built under R version 4.0.5 
7: package 'dplyr' was built under R version 4.0.5 
8: package 'stringr' was built under R version 4.0.5 
9: package 'forcats' was built under R version 4.0.5 
Warning message:
package 'fs' was built under R version 4.0.5 
-- Attaching packages --------------------------------------- tidyverse 1.3.1 --
v ggplot2 3.3.5     v purrr   0.3.4
v tibble  3.1.6     v dplyr   1.0.7
v tidyr   1.1.4     v stringr 1.4.0
v readr   2.1.1     v forcats 0.5.1
-- Conflicts ------------------------------------------ tidyverse_conflicts() --
x dplyr::filter() masks stats::filter()
x dplyr::lag()    masks stats::lag()
Warning messages:
1: package 'tidyverse' was built under R version 4.0.5 
2: package 'ggplot2' was built under R version 4.0.5 
3: package 'tibble' was built under R version 4.0.5 
4: package 'tidyr' was built under R version 4.0.5 
5: package 'readr' was built under R version 4.0.5 
6: package 'purrr' was built under R version 4.0.5 
7: package 'dplyr' was built under R version 4.0.5 
8: package 'stringr' was built under R version 4.0.5 
9: package 'forcats' was built under R version 4.0.5 
Warning message:
package 'fs' was built under R version 4.0.5 
